Using pre-set license
Built from '2020.3/release' branch; Version is '2020.3.7f1 (dd97f2c94397) revision 14522354'; Using compiler version '192528614'; Build Type 'Release'
OS: 'Windows 10 Home; OS build 19042.985; Version 2009; 64bit' Language: 'en' Physical Memory: 24418 MB
BatchMode: 1, IsHumanControllingUs: 0, StartBugReporterOnCrash: 0, Is64bit: 1, IsPro: 0

 COMMAND LINE ARGUMENTS:
D:\Unity\Editor\Unity.exe
-adb2
-batchMode
-noUpm
-name
AssetImportWorker0
-projectPath
D:/Filleroni/ZeMiscProjects/XylemInnovationChallenge2021/Untitled Xylem Game
-logFile
Logs/AssetImportWorker0.log
-srvPort
60528
Successfully changed project path to: D:/Filleroni/ZeMiscProjects/XylemInnovationChallenge2021/Untitled Xylem Game
D:/Filleroni/ZeMiscProjects/XylemInnovationChallenge2021/Untitled Xylem Game
Using Asset Import Pipeline V2.
Refreshing native plugins compatible for Editor in 46.44 ms, found 1 plugins.
Preloading 0 native plugins for Editor in 0.00 ms.
Initialize engine version: 2020.3.7f1 (dd97f2c94397)
[Subsystems] Discovering subsystems at path D:/Unity/Editor/Data/Resources/UnitySubsystems
[Subsystems] Discovering subsystems at path D:/Filleroni/ZeMiscProjects/XylemInnovationChallenge2021/Untitled Xylem Game/Assets
GfxDevice: creating device client; threaded=0
Direct3D:
    Version:  Direct3D 11.0 [level 11.1]
    Renderer: NVIDIA GeForce GTX 1060 (ID=0x1c20)
    Vendor:   
    VRAM:     6052 MB
    Driver:   26.21.14.4587
Initialize mono
Mono path[0] = 'D:/Unity/Editor/Data/Managed'
Mono path[1] = 'D:/Unity/Editor/Data/MonoBleedingEdge/lib/mono/unityjit'
Mono config path = 'D:/Unity/Editor/Data/MonoBleedingEdge/etc'
Using monoOptions --debugger-agent=transport=dt_socket,embedding=1,server=y,suspend=n,address=127.0.0.1:56028
Begin MonoManager ReloadAssembly
Registering precompiled unity dll's ...
Register platform support module: D:/Unity/Editor/Data/PlaybackEngines/WindowsStandaloneSupport/UnityEditor.WindowsStandalone.Extensions.dll
Registered in 0.001102 seconds.
Native extension for WindowsStandalone target not found
Refreshing native plugins compatible for Editor in 43.67 ms, found 1 plugins.
Preloading 0 native plugins for Editor in 0.00 ms.
Mono: successfully reloaded assembly
- Completed reload, in  0.965 seconds
Platform modules already initialized, skipping
Registering precompiled user dll's ...
Registered in 0.000919 seconds.
Begin MonoManager ReloadAssembly
Native extension for WindowsStandalone target not found
Refreshing native plugins compatible for Editor in 48.99 ms, found 1 plugins.
Preloading 0 native plugins for Editor in 0.00 ms.
Mono: successfully reloaded assembly
- Completed reload, in  0.916 seconds
Platform modules already initialized, skipping
========================================================================
Worker process is ready to serve import requests
Launched and connected shader compiler UnityShaderCompiler.exe after 0.05 seconds
Refreshing native plugins compatible for Editor in 0.78 ms, found 1 plugins.
Preloading 0 native plugins for Editor in 0.00 ms.
Unloading 1820 Unused Serialized files (Serialized files now loaded: 0)
System memory in use before: 87.8 MB.
System memory in use after: 87.7 MB.

Unloading 24 unused Assets to reduce memory usage. Loaded Objects now: 2264.
Total: 2.551800 ms (FindLiveObjects: 0.280500 ms CreateObjectMapping: 0.120100 ms MarkObjects: 1.973700 ms  DeleteObjects: 0.176300 ms)

========================================================================
Received Import Request.
  path: Assets/Scenes/Level 1.unity
  artifactKey: Guid(74a731ed96d6f2347acddc3623af91d6) Importer(815301076,1909f56bfc062723c751e8b465ee728b)
Start importing Assets/Scenes/Level 1.unity using Guid(74a731ed96d6f2347acddc3623af91d6) Importer(815301076,1909f56bfc062723c751e8b465ee728b)  -> (artifact id: '0ad4c89eb8907153dc8a045506dff77c') in 0.060323 seconds
  Import took 0.063334 seconds .

========================================================================
Received Import Request.
  Time since last request: 121.777560 seconds.
  path: Assets/Scenes/Level X.unity
  artifactKey: Guid(1b52638c04cd9ce408c99fb781c75cc3) Importer(815301076,1909f56bfc062723c751e8b465ee728b)
Start importing Assets/Scenes/Level X.unity using Guid(1b52638c04cd9ce408c99fb781c75cc3) Importer(815301076,1909f56bfc062723c751e8b465ee728b)  -> (artifact id: '66067e2708a523b156a6bbea3ba8be7e') in 0.007689 seconds
  Import took 0.010963 seconds .

========================================================================
Received Import Request.
  Time since last request: 20.767879 seconds.
  path: Assets/Scenes/Level 6.unity
  artifactKey: Guid(66d7eccafddfa3242878883e76469722) Importer(815301076,1909f56bfc062723c751e8b465ee728b)
Start importing Assets/Scenes/Level 6.unity using Guid(66d7eccafddfa3242878883e76469722) Importer(815301076,1909f56bfc062723c751e8b465ee728b)  -> (artifact id: '86d38a0ae22f87227fb520b6d2a9ccdb') in 0.006760 seconds
  Import took 0.009706 seconds .

AssetImportWorkerClient::OnTransportError - code=2 error=End of file
