Using pre-set license
Built from '2020.3/release' branch; Version is '2020.3.7f1 (dd97f2c94397) revision 14522354'; Using compiler version '192528614'; Build Type 'Release'
OS: 'Windows 10 Home; OS build 19042.985; Version 2009; 64bit' Language: 'en' Physical Memory: 24418 MB
BatchMode: 1, IsHumanControllingUs: 0, StartBugReporterOnCrash: 0, Is64bit: 1, IsPro: 0

 COMMAND LINE ARGUMENTS:
D:\Unity\Editor\Unity.exe
-adb2
-batchMode
-noUpm
-name
AssetImportWorker0
-projectPath
D:/Filleroni/ZeMiscProjects/XylemInnovationChallenge2021/Untitled Xylem Game
-logFile
Logs/AssetImportWorker0.log
-srvPort
60847
Successfully changed project path to: D:/Filleroni/ZeMiscProjects/XylemInnovationChallenge2021/Untitled Xylem Game
D:/Filleroni/ZeMiscProjects/XylemInnovationChallenge2021/Untitled Xylem Game
Using Asset Import Pipeline V2.
Refreshing native plugins compatible for Editor in 56.11 ms, found 1 plugins.
Preloading 0 native plugins for Editor in 0.00 ms.
Initialize engine version: 2020.3.7f1 (dd97f2c94397)
[Subsystems] Discovering subsystems at path D:/Unity/Editor/Data/Resources/UnitySubsystems
[Subsystems] Discovering subsystems at path D:/Filleroni/ZeMiscProjects/XylemInnovationChallenge2021/Untitled Xylem Game/Assets
GfxDevice: creating device client; threaded=0
Direct3D:
    Version:  Direct3D 11.0 [level 11.1]
    Renderer: NVIDIA GeForce GTX 1060 (ID=0x1c20)
    Vendor:   
    VRAM:     6052 MB
    Driver:   26.21.14.4587
Initialize mono
Mono path[0] = 'D:/Unity/Editor/Data/Managed'
Mono path[1] = 'D:/Unity/Editor/Data/MonoBleedingEdge/lib/mono/unityjit'
Mono config path = 'D:/Unity/Editor/Data/MonoBleedingEdge/etc'
Using monoOptions --debugger-agent=transport=dt_socket,embedding=1,server=y,suspend=n,address=127.0.0.1:56424
Begin MonoManager ReloadAssembly
Registering precompiled unity dll's ...
Register platform support module: D:/Unity/Editor/Data/PlaybackEngines/WindowsStandaloneSupport/UnityEditor.WindowsStandalone.Extensions.dll
Registered in 0.001075 seconds.
Native extension for WindowsStandalone target not found
Refreshing native plugins compatible for Editor in 54.29 ms, found 1 plugins.
Preloading 0 native plugins for Editor in 0.00 ms.
Mono: successfully reloaded assembly
- Completed reload, in  1.128 seconds
Platform modules already initialized, skipping
Registering precompiled user dll's ...
Registered in 0.002769 seconds.
Begin MonoManager ReloadAssembly
Native extension for WindowsStandalone target not found
Refreshing native plugins compatible for Editor in 60.26 ms, found 1 plugins.
Preloading 0 native plugins for Editor in 0.00 ms.
Mono: successfully reloaded assembly
- Completed reload, in  1.324 seconds
Platform modules already initialized, skipping
========================================================================
Worker process is ready to serve import requests
Launched and connected shader compiler UnityShaderCompiler.exe after 0.09 seconds
Refreshing native plugins compatible for Editor in 0.52 ms, found 1 plugins.
Preloading 0 native plugins for Editor in 0.00 ms.
Unloading 1820 Unused Serialized files (Serialized files now loaded: 0)
System memory in use before: 87.8 MB.
System memory in use after: 87.7 MB.

Unloading 24 unused Assets to reduce memory usage. Loaded Objects now: 2264.
Total: 2.402900 ms (FindLiveObjects: 0.286400 ms CreateObjectMapping: 0.118900 ms MarkObjects: 1.841800 ms  DeleteObjects: 0.154800 ms)

========================================================================
Received Import Request.
  path: Assets/Scenes/Level 5.unity
  artifactKey: Guid(b442600182933e340aa5929d4d644bc9) Importer(815301076,1909f56bfc062723c751e8b465ee728b)
Start importing Assets/Scenes/Level 5.unity using Guid(b442600182933e340aa5929d4d644bc9) Importer(815301076,1909f56bfc062723c751e8b465ee728b)  -> (artifact id: 'df8db138ac847972ba3c8512a029a671') in 0.026555 seconds
  Import took 0.035783 seconds .

========================================================================
Received Import Request.
  Time since last request: 253.459251 seconds.
  path: Assets/Scenes/Level somethin.unity
  artifactKey: Guid(341dc88a711d68149afb0479d272794a) Importer(815301076,1909f56bfc062723c751e8b465ee728b)
Start importing Assets/Scenes/Level somethin.unity using Guid(341dc88a711d68149afb0479d272794a) Importer(815301076,1909f56bfc062723c751e8b465ee728b)  -> (artifact id: 'd2f7b1377167b59c29ded9cfaf415ff2') in 0.007425 seconds
  Import took 0.011923 seconds .

========================================================================
Received Import Request.
  Time since last request: 408.986136 seconds.
  path: Assets/Scenes/Level 1C.unity
  artifactKey: Guid(74a731ed96d6f2347acddc3623af91d6) Importer(815301076,1909f56bfc062723c751e8b465ee728b)
Start importing Assets/Scenes/Level 1C.unity using Guid(74a731ed96d6f2347acddc3623af91d6) Importer(815301076,1909f56bfc062723c751e8b465ee728b)  -> (artifact id: '19678929a5bd404061b0d981b87a03bd') in 0.020933 seconds
  Import took 0.036075 seconds .

========================================================================
Received Import Request.
  Time since last request: 4.641322 seconds.
  path: Assets/Scenes/Level somethin.unity
  artifactKey: Guid(341dc88a711d68149afb0479d272794a) Importer(815301076,1909f56bfc062723c751e8b465ee728b)
Start importing Assets/Scenes/Level somethin.unity using Guid(341dc88a711d68149afb0479d272794a) Importer(815301076,1909f56bfc062723c751e8b465ee728b)  -> (artifact id: 'd16ed47a12ba3f12bd99156aca735c17') in 0.004473 seconds
  Import took 0.008846 seconds .

========================================================================
Received Import Request.
  Time since last request: 0.004518 seconds.
  path: Assets/Scenes/Level somethin.unity
  artifactKey: Guid(341dc88a711d68149afb0479d272794a) Importer(815301076,1909f56bfc062723c751e8b465ee728b)
Start importing Assets/Scenes/Level somethin.unity using Guid(341dc88a711d68149afb0479d272794a) Importer(815301076,1909f56bfc062723c751e8b465ee728b)  -> (artifact id: 'd16ed47a12ba3f12bd99156aca735c17') in 0.003617 seconds
  Import took 0.010555 seconds .

========================================================================
Received Import Request.
  Time since last request: 210.933210 seconds.
  path: Assets/Scenes/New Scene 1.unity
  artifactKey: Guid(e7521ae42b356a048816d82425a3c68d) Importer(815301076,1909f56bfc062723c751e8b465ee728b)
Start importing Assets/Scenes/New Scene 1.unity using Guid(e7521ae42b356a048816d82425a3c68d) Importer(815301076,1909f56bfc062723c751e8b465ee728b)  -> (artifact id: '76153cc7466e596e645fbb978a7982b3') in 0.009729 seconds
  Import took 0.014300 seconds .

========================================================================
Received Import Request.
  Time since last request: 19.509934 seconds.
  path: Assets/Scenes/Level 1.unity
  artifactKey: Guid(37df0b897f2e64a4fafef4e634d0d27c) Importer(815301076,1909f56bfc062723c751e8b465ee728b)
Start importing Assets/Scenes/Level 1.unity using Guid(37df0b897f2e64a4fafef4e634d0d27c) Importer(815301076,1909f56bfc062723c751e8b465ee728b)  -> (artifact id: '6f0dca78bedb2f2788b69745ce4754e8') in 0.003938 seconds
  Import took 0.008898 seconds .

========================================================================
Received Import Request.
  Time since last request: 686.539488 seconds.
  path: Assets/BayatGames/Free Platform Game Assets/Coin Animation/png/1024x128.png
  artifactKey: Guid(27fbd349247c8dc46a3112ada3a53fc7) Importer(815301076,1909f56bfc062723c751e8b465ee728b)
Start importing Assets/BayatGames/Free Platform Game Assets/Coin Animation/png/1024x128.png using Guid(27fbd349247c8dc46a3112ada3a53fc7) Importer(815301076,1909f56bfc062723c751e8b465ee728b)  -> (artifact id: '85bd6f31c260ed9c832428b5850433fb') in 2.018260 seconds
  Import took 2.021891 seconds .

========================================================================
Received Import Request.
  Time since last request: 0.000360 seconds.
  path: Assets/BayatGames/Free Platform Game Assets/Coin Animation/png/2048x256.png
  artifactKey: Guid(9ccd8d5de8d5bbd4b827fb2881e498f1) Importer(815301076,1909f56bfc062723c751e8b465ee728b)
Start importing Assets/BayatGames/Free Platform Game Assets/Coin Animation/png/2048x256.png using Guid(9ccd8d5de8d5bbd4b827fb2881e498f1) Importer(815301076,1909f56bfc062723c751e8b465ee728b)  -> (artifact id: 'f236ec864d95cb642daf2b65724b6b48') in 0.150390 seconds
  Import took 0.153158 seconds .

========================================================================
Received Import Request.
  Time since last request: 2.682797 seconds.
  path: Assets/BayatGames/Free Platform Game Assets/Coin Animation/png/2x/Coin.png
  artifactKey: Guid(5ed5157cf45e6ee409511594fb89377b) Importer(815301076,1909f56bfc062723c751e8b465ee728b)
Start importing Assets/BayatGames/Free Platform Game Assets/Coin Animation/png/2x/Coin.png using Guid(5ed5157cf45e6ee409511594fb89377b) Importer(815301076,1909f56bfc062723c751e8b465ee728b)  -> (artifact id: 'c12a1d26dc5875af45fd983e1d07cabe') in 0.031963 seconds
  Import took 0.034899 seconds .

========================================================================
Received Import Request.
  Time since last request: 0.000387 seconds.
  path: Assets/BayatGames/Free Platform Game Assets/Coin Animation/png/2x/image 13.png
  artifactKey: Guid(4188406557eaca0488459eba94278250) Importer(815301076,1909f56bfc062723c751e8b465ee728b)
Start importing Assets/BayatGames/Free Platform Game Assets/Coin Animation/png/2x/image 13.png using Guid(4188406557eaca0488459eba94278250) Importer(815301076,1909f56bfc062723c751e8b465ee728b)  -> (artifact id: '1ee7dcc61326e42b4fe4c1d47d77f9e1') in 0.042363 seconds
  Import took 0.045096 seconds .

========================================================================
Received Import Request.
  Time since last request: 0.000368 seconds.
  path: Assets/BayatGames/Free Platform Game Assets/Coin Animation/png/2x/image 11.png
  artifactKey: Guid(08e82f56b6f8f9e4da39977182df7f39) Importer(815301076,1909f56bfc062723c751e8b465ee728b)
Start importing Assets/BayatGames/Free Platform Game Assets/Coin Animation/png/2x/image 11.png using Guid(08e82f56b6f8f9e4da39977182df7f39) Importer(815301076,1909f56bfc062723c751e8b465ee728b)  -> (artifact id: 'dcd21a347a13085c1ff0d43206e4c844') in 0.053725 seconds
  Import took 0.056491 seconds .

========================================================================
Received Import Request.
  Time since last request: 0.000408 seconds.
  path: Assets/BayatGames/Free Platform Game Assets/Coin Animation/png/2x/image 9.png
  artifactKey: Guid(3071611f52f355941ae108e3822562d3) Importer(815301076,1909f56bfc062723c751e8b465ee728b)
Start importing Assets/BayatGames/Free Platform Game Assets/Coin Animation/png/2x/image 9.png using Guid(3071611f52f355941ae108e3822562d3) Importer(815301076,1909f56bfc062723c751e8b465ee728b)  -> (artifact id: '434fd7e1e5515341547a45552230afe0') in 0.032782 seconds
  Import took 0.035492 seconds .

========================================================================
Received Import Request.
  Time since last request: 0.000439 seconds.
  path: Assets/BayatGames/Free Platform Game Assets/Coin Animation/png/2x/image 5.png
  artifactKey: Guid(93932efaf072000449ce4c111911cfe3) Importer(815301076,1909f56bfc062723c751e8b465ee728b)
Start importing Assets/BayatGames/Free Platform Game Assets/Coin Animation/png/2x/image 5.png using Guid(93932efaf072000449ce4c111911cfe3) Importer(815301076,1909f56bfc062723c751e8b465ee728b)  -> (artifact id: '4c498ebfcf90e3d31a3c4c96de0fd9b6') in 0.042101 seconds
  Import took 0.044952 seconds .

========================================================================
Received Import Request.
  Time since last request: 0.000371 seconds.
  path: Assets/BayatGames/Free Platform Game Assets/Coin Animation/png/2x/image 14.png
  artifactKey: Guid(7471dc94b1670e54b8f926859686caa1) Importer(815301076,1909f56bfc062723c751e8b465ee728b)
Start importing Assets/BayatGames/Free Platform Game Assets/Coin Animation/png/2x/image 14.png using Guid(7471dc94b1670e54b8f926859686caa1) Importer(815301076,1909f56bfc062723c751e8b465ee728b)  -> (artifact id: '2ec5cc95a1a98fffdb6909b87820c636') in 0.038596 seconds
  Import took 0.041427 seconds .

========================================================================
Received Import Request.
  Time since last request: 0.000389 seconds.
  path: Assets/BayatGames/Free Platform Game Assets/Coin Animation/png/2x/image 6.png
  artifactKey: Guid(c925826c0552cf549a3f1123cae8db5b) Importer(815301076,1909f56bfc062723c751e8b465ee728b)
Start importing Assets/BayatGames/Free Platform Game Assets/Coin Animation/png/2x/image 6.png using Guid(c925826c0552cf549a3f1123cae8db5b) Importer(815301076,1909f56bfc062723c751e8b465ee728b)  -> (artifact id: 'f1afedf72afcda4cbdb4d60428c74a47') in 0.045937 seconds
  Import took 0.049031 seconds .

========================================================================
Received Import Request.
  Time since last request: 0.000367 seconds.
  path: Assets/BayatGames/Free Platform Game Assets/Coin Animation/png/2x/image 10.png
  artifactKey: Guid(bfdb508608e20c14a84a06ee5d00795b) Importer(815301076,1909f56bfc062723c751e8b465ee728b)
Start importing Assets/BayatGames/Free Platform Game Assets/Coin Animation/png/2x/image 10.png using Guid(bfdb508608e20c14a84a06ee5d00795b) Importer(815301076,1909f56bfc062723c751e8b465ee728b)  -> (artifact id: 'ef551ac39220b7443f31612ed555050a') in 0.041603 seconds
  Import took 0.044459 seconds .

========================================================================
Received Import Request.
  Time since last request: 0.000326 seconds.
  path: Assets/BayatGames/Free Platform Game Assets/Coin Animation/png/2x/image 1.png
  artifactKey: Guid(284a590648cd2624cbd085c4f1627465) Importer(815301076,1909f56bfc062723c751e8b465ee728b)
Start importing Assets/BayatGames/Free Platform Game Assets/Coin Animation/png/2x/image 1.png using Guid(284a590648cd2624cbd085c4f1627465) Importer(815301076,1909f56bfc062723c751e8b465ee728b)  -> (artifact id: '24c945d5acf46a92cda1807cdcb792e7') in 0.042972 seconds
  Import took 0.045829 seconds .

========================================================================
Received Import Request.
  Time since last request: 0.000357 seconds.
  path: Assets/BayatGames/Free Platform Game Assets/Coin Animation/png/2x/image 8.png
  artifactKey: Guid(39bf764a4d5181d4ea6477506162098e) Importer(815301076,1909f56bfc062723c751e8b465ee728b)
Start importing Assets/BayatGames/Free Platform Game Assets/Coin Animation/png/2x/image 8.png using Guid(39bf764a4d5181d4ea6477506162098e) Importer(815301076,1909f56bfc062723c751e8b465ee728b)  -> (artifact id: '82fc62c5265778f300e0572702f2272c') in 0.037864 seconds
  Import took 0.040551 seconds .

========================================================================
Received Import Request.
  Time since last request: 0.000358 seconds.
  path: Assets/BayatGames/Free Platform Game Assets/Coin Animation/png/2x/image 7.png
  artifactKey: Guid(01139edbf108bde4aa26ebc3d05c3025) Importer(815301076,1909f56bfc062723c751e8b465ee728b)
Start importing Assets/BayatGames/Free Platform Game Assets/Coin Animation/png/2x/image 7.png using Guid(01139edbf108bde4aa26ebc3d05c3025) Importer(815301076,1909f56bfc062723c751e8b465ee728b)  -> (artifact id: '556e3a4dec20ba04deff8a8cbbb09d5a') in 0.037972 seconds
  Import took 0.040772 seconds .

========================================================================
Received Import Request.
  Time since last request: 0.000287 seconds.
  path: Assets/BayatGames/Free Platform Game Assets/Coin Animation/png/2x/image 4.png
  artifactKey: Guid(829702d123e43a54c80bc02a11288a82) Importer(815301076,1909f56bfc062723c751e8b465ee728b)
Start importing Assets/BayatGames/Free Platform Game Assets/Coin Animation/png/2x/image 4.png using Guid(829702d123e43a54c80bc02a11288a82) Importer(815301076,1909f56bfc062723c751e8b465ee728b)  -> (artifact id: '67b741b377d3b2a3238f5b80efa54308') in 0.014911 seconds
  Import took 0.017884 seconds .

========================================================================
Received Import Request.
  Time since last request: 0.000265 seconds.
  path: Assets/BayatGames/Free Platform Game Assets/Coin Animation/png/2x/image 12.png
  artifactKey: Guid(6ffad87630735e04d83408305dcc75b5) Importer(815301076,1909f56bfc062723c751e8b465ee728b)
Start importing Assets/BayatGames/Free Platform Game Assets/Coin Animation/png/2x/image 12.png using Guid(6ffad87630735e04d83408305dcc75b5) Importer(815301076,1909f56bfc062723c751e8b465ee728b)  -> (artifact id: '5947160dd0b782340ce2cc671b7e72e0') in 0.045095 seconds
  Import took 0.048255 seconds .

========================================================================
Received Import Request.
  Time since last request: 0.000251 seconds.
  path: Assets/BayatGames/Free Platform Game Assets/Coin Animation/png/2x/image 3.png
  artifactKey: Guid(01f2715068a32f44a99ba474fbf74cdf) Importer(815301076,1909f56bfc062723c751e8b465ee728b)
Start importing Assets/BayatGames/Free Platform Game Assets/Coin Animation/png/2x/image 3.png using Guid(01f2715068a32f44a99ba474fbf74cdf) Importer(815301076,1909f56bfc062723c751e8b465ee728b)  -> (artifact id: '0a3b367f5cefbcca370b18ef7a52ca5b') in 0.042546 seconds
  Import took 0.045741 seconds .

========================================================================
Received Import Request.
  Time since last request: 0.000325 seconds.
  path: Assets/BayatGames/Free Platform Game Assets/Coin Animation/png/2x/image 2.png
  artifactKey: Guid(49b76ee0d3655ee4c8402582c1c02c93) Importer(815301076,1909f56bfc062723c751e8b465ee728b)
Start importing Assets/BayatGames/Free Platform Game Assets/Coin Animation/png/2x/image 2.png using Guid(49b76ee0d3655ee4c8402582c1c02c93) Importer(815301076,1909f56bfc062723c751e8b465ee728b)  -> (artifact id: '14ec8cd209a6eaf2f522897a23f811a8') in 0.044375 seconds
  Import took 0.047468 seconds .

========================================================================
Received Import Request.
  Time since last request: 0.000421 seconds.
  path: Assets/BayatGames/Free Platform Game Assets/Coin Animation/png/2x/image 16.png
  artifactKey: Guid(570f426f740c2c5499e2f9670c12598a) Importer(815301076,1909f56bfc062723c751e8b465ee728b)
Start importing Assets/BayatGames/Free Platform Game Assets/Coin Animation/png/2x/image 16.png using Guid(570f426f740c2c5499e2f9670c12598a) Importer(815301076,1909f56bfc062723c751e8b465ee728b)  -> (artifact id: '3d1ed0ff955231649278cf8a622e652e') in 0.041692 seconds
  Import took 0.044948 seconds .

========================================================================
Received Import Request.
  Time since last request: 0.000277 seconds.
  path: Assets/BayatGames/Free Platform Game Assets/Coin Animation/png/2x/image 15.png
  artifactKey: Guid(27f6b32c91a50ae4088361bfd738dd14) Importer(815301076,1909f56bfc062723c751e8b465ee728b)
Start importing Assets/BayatGames/Free Platform Game Assets/Coin Animation/png/2x/image 15.png using Guid(27f6b32c91a50ae4088361bfd738dd14) Importer(815301076,1909f56bfc062723c751e8b465ee728b)  -> (artifact id: '6fdf85062c47b53bf1c7e98e56f40c55') in 0.036769 seconds
  Import took 0.039859 seconds .

========================================================================
Received Import Request.
  Time since last request: 495.423678 seconds.
  path: Assets/Tiles/Stone.asset
  artifactKey: Guid(cc3d1d276e98eb64889ec7dedbbd41af) Importer(815301076,1909f56bfc062723c751e8b465ee728b)
Start importing Assets/Tiles/Stone.asset using Guid(cc3d1d276e98eb64889ec7dedbbd41af) Importer(815301076,1909f56bfc062723c751e8b465ee728b)  -> (artifact id: '6669fb37dd456cb4ba23df19297414d3') in 0.050254 seconds
  Import took 0.053876 seconds .

========================================================================
Received Import Request.
  Time since last request: 0.000375 seconds.
  path: Assets/Tiles/Updated Tile Pallete.prefab
  artifactKey: Guid(25a1d49daae62e44ca9bf21df0a23fe5) Importer(815301076,1909f56bfc062723c751e8b465ee728b)
Start importing Assets/Tiles/Updated Tile Pallete.prefab using Guid(25a1d49daae62e44ca9bf21df0a23fe5) Importer(815301076,1909f56bfc062723c751e8b465ee728b)  -> (artifact id: '16bcc21549b255213a3950b5c1de15b3') in 0.014505 seconds
  Import took 0.017391 seconds .

========================================================================
Received Import Request.
  Time since last request: 2.278986 seconds.
  path: Assets/Tiles/Stone.asset
  artifactKey: Guid(cc3d1d276e98eb64889ec7dedbbd41af) Importer(815301076,1909f56bfc062723c751e8b465ee728b)
Start importing Assets/Tiles/Stone.asset using Guid(cc3d1d276e98eb64889ec7dedbbd41af) Importer(815301076,1909f56bfc062723c751e8b465ee728b)  -> (artifact id: '6669fb37dd456cb4ba23df19297414d3') in 0.011924 seconds
  Import took 0.016857 seconds .

========================================================================
Received Import Request.
  Time since last request: 71.543701 seconds.
  path: Assets/yuriArt/m_c4.png
  artifactKey: Guid(f2147a063881f9f4eacc0977b22c5850) Importer(815301076,1909f56bfc062723c751e8b465ee728b)
Start importing Assets/yuriArt/m_c4.png using Guid(f2147a063881f9f4eacc0977b22c5850) Importer(815301076,1909f56bfc062723c751e8b465ee728b)  -> (artifact id: '2590df52a536ede89c4b63eff8356f00') in 0.018876 seconds
  Import took 0.022952 seconds .

========================================================================
Received Import Request.
  Time since last request: 0.000403 seconds.
  path: Assets/yuriArt/Swamp_dude2.png
  artifactKey: Guid(53bfe9f03516c6a4c87c224b28304452) Importer(815301076,1909f56bfc062723c751e8b465ee728b)
Start importing Assets/yuriArt/Swamp_dude2.png using Guid(53bfe9f03516c6a4c87c224b28304452) Importer(815301076,1909f56bfc062723c751e8b465ee728b)  -> (artifact id: '92814511811cece16a3af5d5642163fc') in 0.023560 seconds
  Import took 0.030240 seconds .

========================================================================
Received Import Request.
  Time since last request: 31.585978 seconds.
  path: Assets/BayatGames/Free Platform Game Assets/Chests
  artifactKey: Guid(896ab929a4402a44ea64260eea3e816e) Importer(815301076,1909f56bfc062723c751e8b465ee728b)
Start importing Assets/BayatGames/Free Platform Game Assets/Chests using Guid(896ab929a4402a44ea64260eea3e816e) Importer(815301076,1909f56bfc062723c751e8b465ee728b)  -> (artifact id: '3a0390bcb78fe84eae0db66e9f434e1b') in 0.011673 seconds
  Import took 0.014961 seconds .

========================================================================
Received Import Request.
  Time since last request: 1.247211 seconds.
  path: Assets/BayatGames/Free Platform Game Assets/Chests/Chest
  artifactKey: Guid(05c7ff58488e64a44bcc285c163fee22) Importer(815301076,1909f56bfc062723c751e8b465ee728b)
Start importing Assets/BayatGames/Free Platform Game Assets/Chests/Chest using Guid(05c7ff58488e64a44bcc285c163fee22) Importer(815301076,1909f56bfc062723c751e8b465ee728b)  -> (artifact id: 'e28f494bca6956497db4ad05ff1511da') in 0.009137 seconds
  Import took 0.012608 seconds .

========================================================================
Received Import Request.
  Time since last request: 0.964826 seconds.
  path: Assets/BayatGames/Free Platform Game Assets/Chests/Chest/png
  artifactKey: Guid(f4e09b20ea05c4e4cad2e6a63cf08f0f) Importer(815301076,1909f56bfc062723c751e8b465ee728b)
Start importing Assets/BayatGames/Free Platform Game Assets/Chests/Chest/png using Guid(f4e09b20ea05c4e4cad2e6a63cf08f0f) Importer(815301076,1909f56bfc062723c751e8b465ee728b)  -> (artifact id: 'b86adb272aed34568bd7dd7782638b23') in 0.009319 seconds
  Import took 0.013457 seconds .

========================================================================
Received Import Request.
  Time since last request: 1.479217 seconds.
  path: Assets/BayatGames/Free Platform Game Assets/Chests/Chest/png/Sheet
  artifactKey: Guid(b467b11ed927d754495d7b69d64f8c63) Importer(815301076,1909f56bfc062723c751e8b465ee728b)
Start importing Assets/BayatGames/Free Platform Game Assets/Chests/Chest/png/Sheet using Guid(b467b11ed927d754495d7b69d64f8c63) Importer(815301076,1909f56bfc062723c751e8b465ee728b)  -> (artifact id: '204a3cc3a0ed732681341346ccfc0324') in 0.010724 seconds
  Import took 0.015678 seconds .

========================================================================
Received Import Request.
  Time since last request: 0.016883 seconds.
  path: Assets/BayatGames/Free Platform Game Assets/Chests/Chest/png/Sheet/Chest 1024x256(1x).png
  artifactKey: Guid(93a8265f01d7cd94cbb50fb025d98ea7) Importer(815301076,1909f56bfc062723c751e8b465ee728b)
Start importing Assets/BayatGames/Free Platform Game Assets/Chests/Chest/png/Sheet/Chest 1024x256(1x).png using Guid(93a8265f01d7cd94cbb50fb025d98ea7) Importer(815301076,1909f56bfc062723c751e8b465ee728b)  -> (artifact id: 'a21df759e7ceec9a7436e3b90b3c6093') in 0.087913 seconds
  Import took 0.093310 seconds .

========================================================================
Received Import Request.
  Time since last request: 0.000377 seconds.
  path: Assets/BayatGames/Free Platform Game Assets/Chests/Chest/png/Sheet/Chest 2048x512(2x).png
  artifactKey: Guid(1685ff528d5846041ab0a8a01abb369b) Importer(815301076,1909f56bfc062723c751e8b465ee728b)
Start importing Assets/BayatGames/Free Platform Game Assets/Chests/Chest/png/Sheet/Chest 2048x512(2x).png using Guid(1685ff528d5846041ab0a8a01abb369b) Importer(815301076,1909f56bfc062723c751e8b465ee728b)  -> (artifact id: '4260c62176520fa9ce925ab31732912b') in 0.180051 seconds
  Import took 0.184404 seconds .

========================================================================
Received Import Request.
  Time since last request: 0.000351 seconds.
  path: Assets/BayatGames/Free Platform Game Assets/Chests/Chest/png/Sheet/Chest 4096x1024(4x).png
  artifactKey: Guid(6f10393485ec6e74a95c7a6a2478cf3c) Importer(815301076,1909f56bfc062723c751e8b465ee728b)
Start importing Assets/BayatGames/Free Platform Game Assets/Chests/Chest/png/Sheet/Chest 4096x1024(4x).png using Guid(6f10393485ec6e74a95c7a6a2478cf3c) Importer(815301076,1909f56bfc062723c751e8b465ee728b)  -> (artifact id: 'fc1d8c2a76aad944ab14e6ad91934f6e') in 0.306068 seconds
  Import took 0.309664 seconds .

========================================================================
Received Import Request.
  Time since last request: 0.089802 seconds.
  path: Assets/BayatGames/Free Platform Game Assets/Chests/Chest/png/Sheet/Chest 2048x512(2x).png
  artifactKey: Guid(1685ff528d5846041ab0a8a01abb369b) Importer(815301076,1909f56bfc062723c751e8b465ee728b)
Start importing Assets/BayatGames/Free Platform Game Assets/Chests/Chest/png/Sheet/Chest 2048x512(2x).png using Guid(1685ff528d5846041ab0a8a01abb369b) Importer(815301076,1909f56bfc062723c751e8b465ee728b)  -> (artifact id: '4260c62176520fa9ce925ab31732912b') in 0.015876 seconds
  Import took 0.019850 seconds .

========================================================================
Received Import Request.
  Time since last request: 8.309849 seconds.
  path: Assets/BayatGames/Free Platform Game Assets/Chests/Chest/png/Separate/2x
  artifactKey: Guid(cc6781a6814af864caab5e4d48d6ef3f) Importer(815301076,1909f56bfc062723c751e8b465ee728b)
Start importing Assets/BayatGames/Free Platform Game Assets/Chests/Chest/png/Separate/2x using Guid(cc6781a6814af864caab5e4d48d6ef3f) Importer(815301076,1909f56bfc062723c751e8b465ee728b)  -> (artifact id: '54f47c2720141dda77cf6358f39b76c5') in 0.006480 seconds
  Import took 0.009395 seconds .

========================================================================
Received Import Request.
  Time since last request: 0.047439 seconds.
  path: Assets/BayatGames/Free Platform Game Assets/Chests/Chest/png/Separate/2x/1-2x.png
  artifactKey: Guid(b981cc118659b144b9169dbeebb8df37) Importer(815301076,1909f56bfc062723c751e8b465ee728b)
Start importing Assets/BayatGames/Free Platform Game Assets/Chests/Chest/png/Separate/2x/1-2x.png using Guid(b981cc118659b144b9169dbeebb8df37) Importer(815301076,1909f56bfc062723c751e8b465ee728b)  -> (artifact id: 'b67c39887afd684fc6b7c973c94a129f') in 0.264203 seconds
  Import took 0.268532 seconds .

========================================================================
Received Import Request.
  Time since last request: 0.001288 seconds.
  path: Assets/BayatGames/Free Platform Game Assets/Chests/Chest/png/Separate/2x/4-2x.png
  artifactKey: Guid(2270d738f6b17db4c949cf7db502e29e) Importer(815301076,1909f56bfc062723c751e8b465ee728b)
Start importing Assets/BayatGames/Free Platform Game Assets/Chests/Chest/png/Separate/2x/4-2x.png using Guid(2270d738f6b17db4c949cf7db502e29e) Importer(815301076,1909f56bfc062723c751e8b465ee728b)  -> (artifact id: '1cea6352a5ab61ff73aaff08e74f4a44') in 0.079126 seconds
  Import took 0.085286 seconds .

========================================================================
Received Import Request.
  Time since last request: 0.000380 seconds.
  path: Assets/BayatGames/Free Platform Game Assets/Chests/Chest/png/Separate/2x/6-2x.png
  artifactKey: Guid(40d4702c12443f446af47e384d2dba3d) Importer(815301076,1909f56bfc062723c751e8b465ee728b)
Start importing Assets/BayatGames/Free Platform Game Assets/Chests/Chest/png/Separate/2x/6-2x.png using Guid(40d4702c12443f446af47e384d2dba3d) Importer(815301076,1909f56bfc062723c751e8b465ee728b)  -> (artifact id: 'a5fe54dbce40a5d0cd8f5bad6d777e82') in 0.072967 seconds
  Import took 0.076505 seconds .

========================================================================
Received Import Request.
  Time since last request: 0.000233 seconds.
  path: Assets/BayatGames/Free Platform Game Assets/Chests/Chest/png/Separate/2x/3-2x.png
  artifactKey: Guid(345dab3358ccdfe4aaeedb617b690f9e) Importer(815301076,1909f56bfc062723c751e8b465ee728b)
Start importing Assets/BayatGames/Free Platform Game Assets/Chests/Chest/png/Separate/2x/3-2x.png using Guid(345dab3358ccdfe4aaeedb617b690f9e) Importer(815301076,1909f56bfc062723c751e8b465ee728b)  -> (artifact id: '8a071aea34826e7f904513dda4393c98') in 0.049130 seconds
  Import took 0.052077 seconds .

========================================================================
Received Import Request.
  Time since last request: 0.000293 seconds.
  path: Assets/BayatGames/Free Platform Game Assets/Chests/Chest/png/Separate/2x/5-2x.png
  artifactKey: Guid(cb3057f0bdcb38b43a015ef5e87b513d) Importer(815301076,1909f56bfc062723c751e8b465ee728b)
Start importing Assets/BayatGames/Free Platform Game Assets/Chests/Chest/png/Separate/2x/5-2x.png using Guid(cb3057f0bdcb38b43a015ef5e87b513d) Importer(815301076,1909f56bfc062723c751e8b465ee728b)  -> (artifact id: '5cf80b35aad28573e32981b6f613ddc4') in 0.067179 seconds
  Import took 0.071219 seconds .

========================================================================
Received Import Request.
  Time since last request: 0.000249 seconds.
  path: Assets/BayatGames/Free Platform Game Assets/Chests/Chest/png/Separate/2x/2-2x.png
  artifactKey: Guid(a2e78c3de203b4f419661ad1b0ee3573) Importer(815301076,1909f56bfc062723c751e8b465ee728b)
Start importing Assets/BayatGames/Free Platform Game Assets/Chests/Chest/png/Separate/2x/2-2x.png using Guid(a2e78c3de203b4f419661ad1b0ee3573) Importer(815301076,1909f56bfc062723c751e8b465ee728b)  -> (artifact id: '6be5515174e3aafb78911ba993f9f9dd') in 0.073714 seconds
  Import took 0.077115 seconds .

========================================================================
Received Import Request.
  Time since last request: 153.221702 seconds.
  path: Assets/Scenes/Level 1.unity
  artifactKey: Guid(37df0b897f2e64a4fafef4e634d0d27c) Importer(815301076,1909f56bfc062723c751e8b465ee728b)
Start importing Assets/Scenes/Level 1.unity using Guid(37df0b897f2e64a4fafef4e634d0d27c) Importer(815301076,1909f56bfc062723c751e8b465ee728b)  -> (artifact id: 'eb70b099b0e06eaf8aa27fd68e54a58a') in 0.003624 seconds
  Import took 0.007271 seconds .

========================================================================
Received Import Request.
  Time since last request: 116.896899 seconds.
  path: Assets/Scenes/Level somethin.unity
  artifactKey: Guid(341dc88a711d68149afb0479d272794a) Importer(815301076,1909f56bfc062723c751e8b465ee728b)
Start importing Assets/Scenes/Level somethin.unity using Guid(341dc88a711d68149afb0479d272794a) Importer(815301076,1909f56bfc062723c751e8b465ee728b)  -> (artifact id: 'baecc46d6f8b31e359728ef9444a6df6') in 0.003402 seconds
  Import took 0.007501 seconds .

========================================================================
Received Import Request.
  Time since last request: 6.895879 seconds.
  path: Assets/Scenes/Level 2.unity
  artifactKey: Guid(341dc88a711d68149afb0479d272794a) Importer(815301076,1909f56bfc062723c751e8b465ee728b)
Start importing Assets/Scenes/Level 2.unity using Guid(341dc88a711d68149afb0479d272794a) Importer(815301076,1909f56bfc062723c751e8b465ee728b)  -> (artifact id: '21110f4d7d42c39f9589e26044cdc97c') in 0.012922 seconds
  Import took 0.018627 seconds .

========================================================================
Received Import Request.
  Time since last request: 0.005396 seconds.
  path: Assets/Scenes/Level 2.unity
  artifactKey: Guid(341dc88a711d68149afb0479d272794a) Importer(815301076,1909f56bfc062723c751e8b465ee728b)
Start importing Assets/Scenes/Level 2.unity using Guid(341dc88a711d68149afb0479d272794a) Importer(815301076,1909f56bfc062723c751e8b465ee728b)  -> (artifact id: '21110f4d7d42c39f9589e26044cdc97c') in 0.003444 seconds
  Import took 0.009092 seconds .

========================================================================
Received Import Request.
  Time since last request: 415.455945 seconds.
  path: Assets/Scenes/Level 1.unity
  artifactKey: Guid(37df0b897f2e64a4fafef4e634d0d27c) Importer(815301076,1909f56bfc062723c751e8b465ee728b)
Start importing Assets/Scenes/Level 1.unity using Guid(37df0b897f2e64a4fafef4e634d0d27c) Importer(815301076,1909f56bfc062723c751e8b465ee728b)  -> (artifact id: '794cf1614b1a6aecbff1a4ae110f35c8') in 0.002874 seconds
  Import took 0.008374 seconds .

========================================================================
Received Import Request.
  Time since last request: 25.711876 seconds.
  path: Assets/Scenes/Level 2.unity
  artifactKey: Guid(341dc88a711d68149afb0479d272794a) Importer(815301076,1909f56bfc062723c751e8b465ee728b)
Start importing Assets/Scenes/Level 2.unity using Guid(341dc88a711d68149afb0479d272794a) Importer(815301076,1909f56bfc062723c751e8b465ee728b)  -> (artifact id: '1585ad11d14ab4e18b8b4a6065c1aa46') in 0.002793 seconds
  Import took 0.006232 seconds .

========================================================================
Received Import Request.
  Time since last request: 129.386615 seconds.
  path: Assets/Scenes/Level 1.unity
  artifactKey: Guid(37df0b897f2e64a4fafef4e634d0d27c) Importer(815301076,1909f56bfc062723c751e8b465ee728b)
Start importing Assets/Scenes/Level 1.unity using Guid(37df0b897f2e64a4fafef4e634d0d27c) Importer(815301076,1909f56bfc062723c751e8b465ee728b)  -> (artifact id: 'a891108838734171fe73284015d2ce96') in 0.003645 seconds
  Import took 0.007603 seconds .

========================================================================
Received Import Request.
  Time since last request: 127.152743 seconds.
  path: Assets/yuriArt/waterKit.png
  artifactKey: Guid(bc66c613c59fbfe45b28e7bb66fc4686) Importer(815301076,1909f56bfc062723c751e8b465ee728b)
Start importing Assets/yuriArt/waterKit.png using Guid(bc66c613c59fbfe45b28e7bb66fc4686) Importer(815301076,1909f56bfc062723c751e8b465ee728b)  -> (artifact id: '53fa8abe223a81de9f2cffe170cdb304') in 0.041956 seconds
  Import took 0.048723 seconds .

========================================================================
Received Import Request.
  Time since last request: 105.215820 seconds.
  path: Assets/Scenes/Level 2.unity
  artifactKey: Guid(341dc88a711d68149afb0479d272794a) Importer(815301076,1909f56bfc062723c751e8b465ee728b)
Start importing Assets/Scenes/Level 2.unity using Guid(341dc88a711d68149afb0479d272794a) Importer(815301076,1909f56bfc062723c751e8b465ee728b)  -> (artifact id: '632cd1ed98b48ed6321eb74ea44760c3') in 0.002852 seconds
  Import took 0.005814 seconds .

========================================================================
Received Import Request.
  Time since last request: 207.462729 seconds.
  path: Assets/Scenes/Level 5.unity
  artifactKey: Guid(b442600182933e340aa5929d4d644bc9) Importer(815301076,1909f56bfc062723c751e8b465ee728b)
Start importing Assets/Scenes/Level 5.unity using Guid(b442600182933e340aa5929d4d644bc9) Importer(815301076,1909f56bfc062723c751e8b465ee728b)  -> (artifact id: 'c8d1e428a79941ead4fed1b2c0addcd7') in 0.009689 seconds
  Import took 0.015670 seconds .

========================================================================
Received Import Request.
  Time since last request: 160.239560 seconds.
  path: Assets/Scenes/Level 1.unity
  artifactKey: Guid(37df0b897f2e64a4fafef4e634d0d27c) Importer(815301076,1909f56bfc062723c751e8b465ee728b)
Start importing Assets/Scenes/Level 1.unity using Guid(37df0b897f2e64a4fafef4e634d0d27c) Importer(815301076,1909f56bfc062723c751e8b465ee728b)  -> (artifact id: 'd080e8efa7629d7ff89e6756382fa4d9') in 0.004512 seconds
  Import took 0.009533 seconds .

========================================================================
Received Import Request.
  Time since last request: 49.636014 seconds.
  path: Assets/Scenes/Level 2.unity
  artifactKey: Guid(341dc88a711d68149afb0479d272794a) Importer(815301076,1909f56bfc062723c751e8b465ee728b)
Start importing Assets/Scenes/Level 2.unity using Guid(341dc88a711d68149afb0479d272794a) Importer(815301076,1909f56bfc062723c751e8b465ee728b)  -> (artifact id: 'bb0889b9a631a8e16427c2cd1a24bab8') in 0.002790 seconds
  Import took 0.006413 seconds .

========================================================================
Received Import Request.
  Time since last request: 108.546622 seconds.
  path: Assets/Scenes/Level 2.unity
  artifactKey: Guid(341dc88a711d68149afb0479d272794a) Importer(815301076,1909f56bfc062723c751e8b465ee728b)
Start importing Assets/Scenes/Level 2.unity using Guid(341dc88a711d68149afb0479d272794a) Importer(815301076,1909f56bfc062723c751e8b465ee728b)  -> (artifact id: '600200fa615aac08283f9b2910d2f312') in 0.004893 seconds
  Import took 0.012805 seconds .

========================================================================
Received Import Request.
  Time since last request: 279.937668 seconds.
  path: Assets/Scenes/Level 5.unity
  artifactKey: Guid(b442600182933e340aa5929d4d644bc9) Importer(815301076,1909f56bfc062723c751e8b465ee728b)
Start importing Assets/Scenes/Level 5.unity using Guid(b442600182933e340aa5929d4d644bc9) Importer(815301076,1909f56bfc062723c751e8b465ee728b)  -> (artifact id: 'e7732e61e6a1620d774ac04bddf442df') in 0.004350 seconds
  Import took 0.009576 seconds .

========================================================================
Received Import Request.
  Time since last request: 1.046091 seconds.
  path: Assets/Scenes/Level 6.unity
  artifactKey: Guid(66d7eccafddfa3242878883e76469722) Importer(815301076,1909f56bfc062723c751e8b465ee728b)
Start importing Assets/Scenes/Level 6.unity using Guid(66d7eccafddfa3242878883e76469722) Importer(815301076,1909f56bfc062723c751e8b465ee728b)  -> (artifact id: 'dda2dc75945793fbe828647be2e11626') in 0.008363 seconds
  Import took 0.012336 seconds .

========================================================================
Received Import Request.
  Time since last request: 84.081048 seconds.
  path: Assets/Scenes/Level 2.unity
  artifactKey: Guid(341dc88a711d68149afb0479d272794a) Importer(815301076,1909f56bfc062723c751e8b465ee728b)
Start importing Assets/Scenes/Level 2.unity using Guid(341dc88a711d68149afb0479d272794a) Importer(815301076,1909f56bfc062723c751e8b465ee728b)  -> (artifact id: 'e6276a20f9dcdc1965dcd00cb4a83c8a') in 0.002726 seconds
  Import took 0.006519 seconds .

========================================================================
Received Import Request.
  Time since last request: 28.314855 seconds.
  path: Assets/Scenes/Level 3.unity
  artifactKey: Guid(e7521ae42b356a048816d82425a3c68d) Importer(815301076,1909f56bfc062723c751e8b465ee728b)
Start importing Assets/Scenes/Level 3.unity using Guid(e7521ae42b356a048816d82425a3c68d) Importer(815301076,1909f56bfc062723c751e8b465ee728b)  -> (artifact id: '32e12cdb262f35f1909bb16dcbb976bf') in 0.007853 seconds
  Import took 0.011376 seconds .

========================================================================
Received Import Request.
  Time since last request: 246.425533 seconds.
  path: Assets/Scenes/Level 3.unity
  artifactKey: Guid(e7521ae42b356a048816d82425a3c68d) Importer(815301076,1909f56bfc062723c751e8b465ee728b)
Start importing Assets/Scenes/Level 3.unity using Guid(e7521ae42b356a048816d82425a3c68d) Importer(815301076,1909f56bfc062723c751e8b465ee728b)  -> (artifact id: '82fc7c87b60739f5fb4e26ed1adbd297') in 0.002709 seconds
  Import took 0.006136 seconds .

========================================================================
Received Import Request.
  Time since last request: 1952.495275 seconds.
  path: Assets/BayatGames/Free Platform Game Assets/Enemies/Enemies/png/256x256/eye 256.png
  artifactKey: Guid(6cccbf5e59c94fd49ba53ffa48c6fc60) Importer(815301076,1909f56bfc062723c751e8b465ee728b)
Start importing Assets/BayatGames/Free Platform Game Assets/Enemies/Enemies/png/256x256/eye 256.png using Guid(6cccbf5e59c94fd49ba53ffa48c6fc60) Importer(815301076,1909f56bfc062723c751e8b465ee728b)  -> (artifact id: '4eb4af1a226b77dd77527b7cf742d60a') in 1.673677 seconds
  Import took 1.678182 seconds .

========================================================================
Received Import Request.
  Time since last request: 0.000418 seconds.
  path: Assets/BayatGames/Free Platform Game Assets/Enemies/Enemies/png/256x256/Pupil 256.png
  artifactKey: Guid(a2bdd2a9215d9574aaed3d1a1e2f7f69) Importer(815301076,1909f56bfc062723c751e8b465ee728b)
Start importing Assets/BayatGames/Free Platform Game Assets/Enemies/Enemies/png/256x256/Pupil 256.png using Guid(a2bdd2a9215d9574aaed3d1a1e2f7f69) Importer(815301076,1909f56bfc062723c751e8b465ee728b)  -> (artifact id: '7c6ca7ab1e32674ad220753dbf91e041') in 0.050465 seconds
  Import took 0.053809 seconds .

========================================================================
Received Import Request.
  Time since last request: 0.000312 seconds.
  path: Assets/BayatGames/Free Platform Game Assets/Enemies/Enemies/png/256x256/Eyelid 256.png
  artifactKey: Guid(83b690a3a84ed4a409fc005170af0c97) Importer(815301076,1909f56bfc062723c751e8b465ee728b)
Start importing Assets/BayatGames/Free Platform Game Assets/Enemies/Enemies/png/256x256/Eyelid 256.png using Guid(83b690a3a84ed4a409fc005170af0c97) Importer(815301076,1909f56bfc062723c751e8b465ee728b)  -> (artifact id: 'a3b17124fe71c99650a2e9a8688383c7') in 0.037860 seconds
  Import took 0.041378 seconds .

========================================================================
Received Import Request.
  Time since last request: 0.000323 seconds.
  path: Assets/BayatGames/Free Platform Game Assets/Enemies/Enemies/png/256x256/Mac 256.png
  artifactKey: Guid(c7879d290f7325a418ae4d1f02aa1311) Importer(815301076,1909f56bfc062723c751e8b465ee728b)
Start importing Assets/BayatGames/Free Platform Game Assets/Enemies/Enemies/png/256x256/Mac 256.png using Guid(c7879d290f7325a418ae4d1f02aa1311) Importer(815301076,1909f56bfc062723c751e8b465ee728b)  -> (artifact id: 'e14a11f0cb4ae0ed9e8fbc9acb153dfd') in 0.052006 seconds
  Import took 0.055059 seconds .

========================================================================
Received Import Request.
  Time since last request: 0.000291 seconds.
  path: Assets/BayatGames/Free Platform Game Assets/Enemies/Enemies/png/256x256/Mace.png
  artifactKey: Guid(a38f2f3a00fc7e94f910aacead30a1f0) Importer(815301076,1909f56bfc062723c751e8b465ee728b)
Start importing Assets/BayatGames/Free Platform Game Assets/Enemies/Enemies/png/256x256/Mace.png using Guid(a38f2f3a00fc7e94f910aacead30a1f0) Importer(815301076,1909f56bfc062723c751e8b465ee728b)  -> (artifact id: '7cd44ead73fb5e49d953e673c4ee12ad') in 0.023557 seconds
  Import took 0.030500 seconds .

========================================================================
Received Import Request.
  Time since last request: 0.000394 seconds.
  path: Assets/BayatGames/Free Platform Game Assets/Enemies/Enemies/png/256x256/Saw.png
  artifactKey: Guid(c7751e43ec9b50745985372bf2b0177b) Importer(815301076,1909f56bfc062723c751e8b465ee728b)
Start importing Assets/BayatGames/Free Platform Game Assets/Enemies/Enemies/png/256x256/Saw.png using Guid(c7751e43ec9b50745985372bf2b0177b) Importer(815301076,1909f56bfc062723c751e8b465ee728b)  -> (artifact id: '5f292bf6a104e3a949e4d795508bb46b') in 0.026415 seconds
  Import took 0.033458 seconds .

========================================================================
Received Import Request.
  Time since last request: 198.958713 seconds.
  path: Assets/BayatGames/Free Platform Game Assets/Backgrounds/New Background ( Update 1.9 )/png/1920x1080/background
  artifactKey: Guid(8923112665f59a84cb1f6ee07cebff1a) Importer(815301076,1909f56bfc062723c751e8b465ee728b)
Start importing Assets/BayatGames/Free Platform Game Assets/Backgrounds/New Background ( Update 1.9 )/png/1920x1080/background using Guid(8923112665f59a84cb1f6ee07cebff1a) Importer(815301076,1909f56bfc062723c751e8b465ee728b)  -> (artifact id: '2cb4976de4dd3fd8e0d83a8c2d7f73f4') in 0.006554 seconds
  Import took 0.010013 seconds .

========================================================================
Received Import Request.
  Time since last request: 1245.452310 seconds.
  path: Assets/BayatGames/Free Platform Game Assets/Backgrounds/New Background ( Update 1.7 )/png/2048x1536/Background/NewBackground2048x1536.png
  artifactKey: Guid(1fca858e6a4b42b4e89903d4daa662c7) Importer(815301076,1909f56bfc062723c751e8b465ee728b)
Start importing Assets/BayatGames/Free Platform Game Assets/Backgrounds/New Background ( Update 1.7 )/png/2048x1536/Background/NewBackground2048x1536.png using Guid(1fca858e6a4b42b4e89903d4daa662c7) Importer(815301076,1909f56bfc062723c751e8b465ee728b)  -> (artifact id: 'ae5c412d9005e62974530225d4e810c2') in 0.953933 seconds
  Import took 0.958030 seconds .

========================================================================
Received Import Request.
  Time since last request: 47.854925 seconds.
  path: Assets/BayatGames/Free Platform Game Assets/Backgrounds/Background/png/Clouds/512x512/Cloud_1.png
  artifactKey: Guid(6569f050eb039b347b19b50bd2aa4c7a) Importer(815301076,1909f56bfc062723c751e8b465ee728b)
Start importing Assets/BayatGames/Free Platform Game Assets/Backgrounds/Background/png/Clouds/512x512/Cloud_1.png using Guid(6569f050eb039b347b19b50bd2aa4c7a) Importer(815301076,1909f56bfc062723c751e8b465ee728b)  -> (artifact id: '2977af9a33d1675de2fea8bf9864ef1b') in 0.187081 seconds
  Import took 0.191698 seconds .

========================================================================
Received Import Request.
  Time since last request: 0.000293 seconds.
  path: Assets/BayatGames/Free Platform Game Assets/Backgrounds/Background/png/Clouds/512x512/Cloud_2.png
  artifactKey: Guid(53e9bcf30a85ac849b8601b8740d4f41) Importer(815301076,1909f56bfc062723c751e8b465ee728b)
Start importing Assets/BayatGames/Free Platform Game Assets/Backgrounds/Background/png/Clouds/512x512/Cloud_2.png using Guid(53e9bcf30a85ac849b8601b8740d4f41) Importer(815301076,1909f56bfc062723c751e8b465ee728b)  -> (artifact id: 'd55f1235b5323530a5e92fea8e82afe9') in 0.110798 seconds
  Import took 0.115160 seconds .

========================================================================
Received Import Request.
  Time since last request: 12.787981 seconds.
  path: Assets/BayatGames/Free Platform Game Assets/Backgrounds/New Background ( Update 1.9 )/png/1920x1080
  artifactKey: Guid(2986e2c26b953d047bbcca15275f2da5) Importer(815301076,1909f56bfc062723c751e8b465ee728b)
Start importing Assets/BayatGames/Free Platform Game Assets/Backgrounds/New Background ( Update 1.9 )/png/1920x1080 using Guid(2986e2c26b953d047bbcca15275f2da5) Importer(815301076,1909f56bfc062723c751e8b465ee728b)  -> (artifact id: '295ff03d166aa97f231b935e4aa8e374') in 0.006882 seconds
  Import took 0.009749 seconds .

========================================================================
Received Import Request.
  Time since last request: 5.157332 seconds.
  path: Assets/BayatGames/Free Platform Game Assets/Backgrounds/New Background ( Update 1.7 )/png/1920x1080/All
  artifactKey: Guid(6210792629cb6234f850911aafe64b66) Importer(815301076,1909f56bfc062723c751e8b465ee728b)
Start importing Assets/BayatGames/Free Platform Game Assets/Backgrounds/New Background ( Update 1.7 )/png/1920x1080/All using Guid(6210792629cb6234f850911aafe64b66) Importer(815301076,1909f56bfc062723c751e8b465ee728b)  -> (artifact id: 'aa3c08bdd8d4881c4e15ae6d5155d3e1') in 0.008611 seconds
  Import took 0.012089 seconds .

========================================================================
Received Import Request.
  Time since last request: 22.911351 seconds.
  path: Assets/BayatGames/Free Platform Game Assets/Backgrounds/Background/png/1920x1080/All
  artifactKey: Guid(019832eb105646f4e968c58ddd46f371) Importer(815301076,1909f56bfc062723c751e8b465ee728b)
Start importing Assets/BayatGames/Free Platform Game Assets/Backgrounds/Background/png/1920x1080/All using Guid(019832eb105646f4e968c58ddd46f371) Importer(815301076,1909f56bfc062723c751e8b465ee728b)  -> (artifact id: 'a83ab48673631343e5af0b2eb17d7eed') in 0.002500 seconds
  Import took 0.005983 seconds .

========================================================================
Received Import Request.
  Time since last request: 332.858201 seconds.
  path: Assets/Scenes/Level 2.unity
  artifactKey: Guid(341dc88a711d68149afb0479d272794a) Importer(815301076,1909f56bfc062723c751e8b465ee728b)
Start importing Assets/Scenes/Level 2.unity using Guid(341dc88a711d68149afb0479d272794a) Importer(815301076,1909f56bfc062723c751e8b465ee728b)  -> (artifact id: 'ca0cc87273cca658e4b3378940c46713') in 0.003269 seconds
  Import took 0.007836 seconds .

========================================================================
Received Import Request.
  Time since last request: 8.520791 seconds.
  path: Assets/Scenes/Level 3.unity
  artifactKey: Guid(e7521ae42b356a048816d82425a3c68d) Importer(815301076,1909f56bfc062723c751e8b465ee728b)
Start importing Assets/Scenes/Level 3.unity using Guid(e7521ae42b356a048816d82425a3c68d) Importer(815301076,1909f56bfc062723c751e8b465ee728b)  -> (artifact id: '707d5cb70de1aefe4436ffda3a51aa33') in 0.003215 seconds
  Import took 0.007372 seconds .

========================================================================
Received Import Request.
  Time since last request: 431.387690 seconds.
  path: Assets/Scenes/Level X.unity
  artifactKey: Guid(1b52638c04cd9ce408c99fb781c75cc3) Importer(815301076,1909f56bfc062723c751e8b465ee728b)
Start importing Assets/Scenes/Level X.unity using Guid(1b52638c04cd9ce408c99fb781c75cc3) Importer(815301076,1909f56bfc062723c751e8b465ee728b)  -> (artifact id: '84a948b1524abf4bbd8ba9bae213f367') in 0.006952 seconds
  Import took 0.010516 seconds .

========================================================================
Received Import Request.
  Time since last request: 22.892806 seconds.
  path: Assets/Scenes/Ending Bad.unity
  artifactKey: Guid(c081be5623e621c438f35ec3bd95e3a1) Importer(815301076,1909f56bfc062723c751e8b465ee728b)
Start importing Assets/Scenes/Ending Bad.unity using Guid(c081be5623e621c438f35ec3bd95e3a1) Importer(815301076,1909f56bfc062723c751e8b465ee728b)  -> (artifact id: 'b7770d6c5547eddf12b39c169460da87') in 0.006785 seconds
  Import took 0.009781 seconds .

========================================================================
Received Import Request.
  Time since last request: 6.564987 seconds.
  path: Assets/Scenes/Ending Good.unity
  artifactKey: Guid(6448336b1d064fa4393b9a46800b792d) Importer(815301076,1909f56bfc062723c751e8b465ee728b)
Start importing Assets/Scenes/Ending Good.unity using Guid(6448336b1d064fa4393b9a46800b792d) Importer(815301076,1909f56bfc062723c751e8b465ee728b)  -> (artifact id: '0204a07b68727b8657de73f3a8539ef0') in 0.006751 seconds
  Import took 0.010173 seconds .

========================================================================
Received Import Request.
  Time since last request: 4.984964 seconds.
  path: Assets/Scenes/Ending Neutral.unity
  artifactKey: Guid(1842581f1981c474a821a897cfe35403) Importer(815301076,1909f56bfc062723c751e8b465ee728b)
Start importing Assets/Scenes/Ending Neutral.unity using Guid(1842581f1981c474a821a897cfe35403) Importer(815301076,1909f56bfc062723c751e8b465ee728b)  -> (artifact id: 'ef5ab8842b5ec9584cc4670478583313') in 0.007675 seconds
  Import took 0.011395 seconds .

========================================================================
Received Import Request.
  Time since last request: 102.544697 seconds.
  path: Assets/Scenes/Level 3.unity
  artifactKey: Guid(e7521ae42b356a048816d82425a3c68d) Importer(815301076,1909f56bfc062723c751e8b465ee728b)
Start importing Assets/Scenes/Level 3.unity using Guid(e7521ae42b356a048816d82425a3c68d) Importer(815301076,1909f56bfc062723c751e8b465ee728b)  -> (artifact id: '57849157ec77390e057def91d9bf14f5') in 0.002956 seconds
  Import took 0.006095 seconds .

========================================================================
Received Import Request.
  Time since last request: 11.194683 seconds.
  path: Assets/Scenes/Level 4.unity
  artifactKey: Guid(3059a06983608c947a9ab9660c0aeeef) Importer(815301076,1909f56bfc062723c751e8b465ee728b)
Start importing Assets/Scenes/Level 4.unity using Guid(3059a06983608c947a9ab9660c0aeeef) Importer(815301076,1909f56bfc062723c751e8b465ee728b)  -> (artifact id: '39b1cbd9f0b02fbc0e567c068b610d1e') in 0.011222 seconds
  Import took 0.015711 seconds .

========================================================================
Received Import Request.
  Time since last request: 82.312362 seconds.
  path: Assets/Scenes/Level 4.unity
  artifactKey: Guid(3059a06983608c947a9ab9660c0aeeef) Importer(815301076,1909f56bfc062723c751e8b465ee728b)
Start importing Assets/Scenes/Level 4.unity using Guid(3059a06983608c947a9ab9660c0aeeef) Importer(815301076,1909f56bfc062723c751e8b465ee728b)  -> (artifact id: 'a6633608b7bdd7f603607ef47079da95') in 0.003161 seconds
  Import took 0.007222 seconds .

========================================================================
Received Import Request.
  Time since last request: 337.616399 seconds.
  path: Assets/Scenes/Level 4.unity
  artifactKey: Guid(3059a06983608c947a9ab9660c0aeeef) Importer(815301076,1909f56bfc062723c751e8b465ee728b)
Start importing Assets/Scenes/Level 4.unity using Guid(3059a06983608c947a9ab9660c0aeeef) Importer(815301076,1909f56bfc062723c751e8b465ee728b)  -> (artifact id: '581f165b8320dbf1cf38bad053cf1ab9') in 0.003214 seconds
  Import took 0.006769 seconds .

========================================================================
Received Import Request.
  Time since last request: 10.181861 seconds.
  path: Assets/Scenes/Level Schema.unity
  artifactKey: Guid(3059a06983608c947a9ab9660c0aeeef) Importer(815301076,1909f56bfc062723c751e8b465ee728b)
Start importing Assets/Scenes/Level Schema.unity using Guid(3059a06983608c947a9ab9660c0aeeef) Importer(815301076,1909f56bfc062723c751e8b465ee728b)  -> (artifact id: '2d0d0b11699827da3cd55fd2e510b2d6') in 0.007067 seconds
  Import took 0.010809 seconds .

========================================================================
Received Import Request.
  Time since last request: 12.376025 seconds.
  path: Assets/Scenes/Level 4.unity
  artifactKey: Guid(7e6115bde8f02e943add33150efc6c28) Importer(815301076,1909f56bfc062723c751e8b465ee728b)
Start importing Assets/Scenes/Level 4.unity using Guid(7e6115bde8f02e943add33150efc6c28) Importer(815301076,1909f56bfc062723c751e8b465ee728b)  -> (artifact id: '8f0e1e5f0524ce7e07375b7f88cc5279') in 0.002700 seconds
  Import took 0.006496 seconds .

========================================================================
Received Import Request.
  Time since last request: 0.002835 seconds.
  path: Assets/Scenes/Level 4.unity
  artifactKey: Guid(7e6115bde8f02e943add33150efc6c28) Importer(815301076,1909f56bfc062723c751e8b465ee728b)
Start importing Assets/Scenes/Level 4.unity using Guid(7e6115bde8f02e943add33150efc6c28) Importer(815301076,1909f56bfc062723c751e8b465ee728b)  -> (artifact id: '8f0e1e5f0524ce7e07375b7f88cc5279') in 0.002793 seconds
  Import took 0.006593 seconds .

========================================================================
Received Import Request.
  Time since last request: 3484.044009 seconds.
  path: Assets/Scenes/Level 4.unity
  artifactKey: Guid(7e6115bde8f02e943add33150efc6c28) Importer(815301076,1909f56bfc062723c751e8b465ee728b)
Start importing Assets/Scenes/Level 4.unity using Guid(7e6115bde8f02e943add33150efc6c28) Importer(815301076,1909f56bfc062723c751e8b465ee728b)  -> (artifact id: '1a6f9473e816c23aa2583f28b2a6cc2b') in 0.003148 seconds
  Import took 0.006830 seconds .

AssetImportWorkerClient::OnTransportError - code=2 error=End of file
